<?xml version="1.0" encoding="UTF-8"?>
<testng-results ignored="0" total="2" passed="2" failed="0" skipped="0">
  <reporter-output>
  </reporter-output>
  <suite started-at="2022-10-08T21:59:03 IST" name="Default suite" finished-at="2022-10-08T21:59:23 IST" duration-ms="19565">
    <groups>
    </groups>
    <test started-at="2022-10-08T21:59:03 IST" name="Default test" finished-at="2022-10-08T21:59:23 IST" duration-ms="19565">
      <class name="Amozon.NewTest">
        <test-method is-config="true" signature="beforetestcase()[pri:0, instance:Amozon.NewTest@5fbdfdcf]" started-at="2022-10-08T21:59:03 IST" name="beforetestcase" finished-at="2022-10-08T21:59:07 IST" duration-ms="3998" status="PASS">
          <reporter-output>
          </reporter-output>
        </test-method> <!-- beforetestcase -->
        <test-method signature="LoginWithAmazonAccont()[pri:1, instance:Amozon.NewTest@5fbdfdcf]" started-at="2022-10-08T21:59:07 IST" name="LoginWithAmazonAccont" finished-at="2022-10-08T21:59:20 IST" duration-ms="13143" status="PASS">
          <reporter-output>
          </reporter-output>
        </test-method> <!-- LoginWithAmazonAccont -->
        <test-method signature="Register_with_NewCustomer()[pri:2, instance:Amozon.NewTest@5fbdfdcf]" started-at="2022-10-08T21:59:20 IST" name="Register_with_NewCustomer" finished-at="2022-10-08T21:59:22 IST" duration-ms="2041" status="PASS">
          <reporter-output>
          </reporter-output>
        </test-method> <!-- Register_with_NewCustomer -->
        <test-method is-config="true" signature="AfterTestcase()[pri:0, instance:Amozon.NewTest@5fbdfdcf]" started-at="2022-10-08T21:59:22 IST" name="AfterTestcase" finished-at="2022-10-08T21:59:23 IST" duration-ms="334" status="PASS">
          <reporter-output>
          </reporter-output>
        </test-method> <!-- AfterTestcase -->
      </class> <!-- Amozon.NewTest -->
    </test> <!-- Default test -->
  </suite> <!-- Default suite -->
</testng-results>
