<?xml version="1.0" encoding="UTF-8"?>
<testng-results ignored="0" total="3" passed="3" failed="0" skipped="0">
  <reporter-output>
  </reporter-output>
  <suite started-at="2022-10-12T12:47:17 IST" name="Default suite" finished-at="2022-10-12T12:47:28 IST" duration-ms="11490">
    <groups>
    </groups>
    <test started-at="2022-10-12T12:47:17 IST" name="Default test" finished-at="2022-10-12T12:47:28 IST" duration-ms="11490">
      <class name="Testng.Assertion">
        <test-method signature="Launch()[pri:0, instance:Testng.Assertion@429bffaa]" started-at="2022-10-12T12:47:17 IST" name="Launch" finished-at="2022-10-12T12:47:22 IST" duration-ms="5098" status="PASS">
          <reporter-output>
          </reporter-output>
        </test-method> <!-- Launch -->
        <test-method signature="Facebook()[pri:0, instance:Testng.Assertion@429bffaa]" started-at="2022-10-12T12:47:22 IST" name="Facebook" finished-at="2022-10-12T12:47:25 IST" depends-on-methods="Testng.Assertion.Launch" duration-ms="3094" status="PASS">
          <reporter-output>
          </reporter-output>
        </test-method> <!-- Facebook -->
        <test-method signature="Login()[pri:0, instance:Testng.Assertion@429bffaa]" started-at="2022-10-12T12:47:25 IST" name="Login" finished-at="2022-10-12T12:47:28 IST" depends-on-methods="Testng.Assertion.Facebook" duration-ms="3244" status="PASS">
          <reporter-output>
          </reporter-output>
        </test-method> <!-- Login -->
      </class> <!-- Testng.Assertion -->
    </test> <!-- Default test -->
  </suite> <!-- Default suite -->
</testng-results>
