<?xml version="1.0" encoding="UTF-8"?>
<testng-results ignored="0" total="1" passed="1" failed="0" skipped="0">
  <reporter-output>
  </reporter-output>
  <suite started-at="2022-10-06T21:35:28 IST" name="Default suite" finished-at="2022-10-06T21:35:34 IST" duration-ms="6161">
    <groups>
    </groups>
    <test started-at="2022-10-06T21:35:28 IST" name="Default test" finished-at="2022-10-06T21:35:34 IST" duration-ms="6161">
      <class name="Web_Automated">
        <test-method signature="login()[pri:0, instance:Web_Automated@366647c2]" started-at="2022-10-06T21:35:28 IST" name="login" finished-at="2022-10-06T21:35:34 IST" duration-ms="6112" status="PASS">
          <reporter-output>
          </reporter-output>
        </test-method> <!-- login -->
      </class> <!-- Web_Automated -->
    </test> <!-- Default test -->
  </suite> <!-- Default suite -->
</testng-results>
