<?xml version="1.0" encoding="UTF-8"?>
<!-- Generated by org.testng.reporters.JUnitXMLReporter -->
<testsuite ignored="0" hostname="DESKTOP-539JNK2" failures="0" tests="3" name="Default test" time="11.49" errors="0" timestamp="2022-10-12T12:47:28 IST">
  <testcase classname="Testng.Assertion" name="Launch" time="5.098"/>
  <testcase classname="Testng.Assertion" name="Facebook" time="3.094"/>
  <testcase classname="Testng.Assertion" name="Login" time="3.244"/>
</testsuite> <!-- Default test -->
